[INFO] Scanning for projects...
[INFO] 
[INFO] ------------------------< com.teamwork:gateway >------------------------
[INFO] Building teamwork-gateway 0.0.1-SNAPSHOT
[INFO]   from pom.xml
[INFO] --------------------------------[ jar ]---------------------------------
[INFO] 
[INFO] --- compiler:3.14.1:testCompile (default-cli) @ gateway ---
[INFO] Recompiling the module because of changed source code.
[INFO] Compiling 10 source files with javac [debug parameters release 21] to target\test-classes
[INFO] /E:/github/TeamWork/gateway/src/test/java/com/teamwork/gateway/service/SseConnectionServiceTest.java: E:\github\TeamWork\gateway\src\test\java\com\teamwork\gateway\service\SseConnectionServiceTest.java uses unchecked or unsafe operations.
[INFO] /E:/github/TeamWork/gateway/src/test/java/com/teamwork/gateway/service/SseConnectionServiceTest.java: Recompile with -Xlint:unchecked for details.
[INFO] -------------------------------------------------------------
[ERROR] COMPILATION ERROR : 
[INFO] -------------------------------------------------------------
[ERROR] /E:/github/TeamWork/gateway/src/test/java/com/teamwork/gateway/service/SseConnectionServiceTest.java:[118,36] unreported exception java.lang.Exception; must be caught or declared to be thrown
[INFO] 1 error
[INFO] -------------------------------------------------------------
[INFO] ------------------------------------------------------------------------
[INFO] BUILD FAILURE
[INFO] ------------------------------------------------------------------------
[INFO] Total time:  41.191 s
[INFO] Finished at: 2026-02-21T17:41:36+08:00
[INFO] ------------------------------------------------------------------------
[ERROR] Failed to execute goal org.apache.maven.plugins:maven-compiler-plugin:3.14.1:testCompile (default-cli) on project gateway: Compilation failure
[ERROR] /E:/github/TeamWork/gateway/src/test/java/com/teamwork/gateway/service/SseConnectionServiceTest.java:[118,36] unreported exception java.lang.Exception; must be caught or declared to be thrown
[ERROR] 
[ERROR] -> [Help 1]
[ERROR] 
[ERROR] To see the full stack trace of the errors, re-run Maven with the -e switch.
[ERROR] Re-run Maven using the -X switch to enable full debug logging.
[ERROR] 
[ERROR] For more information about the errors and possible solutions, please read the following articles:
[ERROR] [Help 1] http://cwiki.apache.org/confluence/display/MAVEN/MojoFailureException
