<?xml version="1.0" encoding="UTF-8"?>
<testsuite xmlns:xsi="http://www.w3.org/2001/XMLSchema-instance" xsi:noNamespaceSchemaLocation="https://maven.apache.org/surefire/maven-surefire-plugin/xsd/surefire-test-report.xsd" version="3.0.2" name="com.teamwork.gateway.SchemaIntegrationTest" time="26.499" tests="1" errors="0" skipped="0" failures="0">
  <properties>
[...]
</properties>
  <testcase name="testSchemaIsCreatedAndEntityCanBeSaved" classname="com.teamwork.gateway.SchemaIntegrationTest" time="0.39">
    <system-out><![CDATA[18:35:25.026 [main] INFO org.springframework.test.context.support.AnnotationConfigContextLoaderUtils -- Could not detect default configuration classes for test class [com.teamwork.gateway.SchemaIntegrationTest]: SchemaIntegrationTest does not declare any static, non-private, non-final, nested classes annotated with @Configuration.
18:35:25.137 [main] INFO org.testcontainers.images.PullPolicy -- Image pull policy will be performed by: DefaultPullPolicy()
18:35:25.143 [main] INFO org.testcontainers.utility.ImageNameSubstitutor -- Image name substitution will be performed by: DefaultImageNameSubstitutor (composite of 'ConfigurationFileImageNameSubstitutor' and 'PrefixingImageNameSubstitutor')
18:35:25.189 [main] INFO org.testcontainers.DockerClientFactory -- Testcontainers version: 2.0.3
18:35:26.088 [main] INFO org.testcontainers.dockerclient.DockerClientProviderStrategy -- Loaded org.testcontainers.dockerclient.NpipeSocketClientProviderStrategy from ~/.testcontainers.properties, will try it first
18:35:28.254 [main] INFO org.testcontainers.dockerclient.DockerClientProviderStrategy -- Found Docker environment with local Npipe socket (npipe:////./pipe/docker_engine)
18:35:28.262 [main] INFO org.testcontainers.DockerClientFactory -- Docker host IP address is localhost
18:35:28.380 [main] INFO org.testcontainers.DockerClientFactory -- Connected to docker: 
  Server Version: 29.2.0
  API Version: 1.53
  Operating System: Docker Desktop
  Total Memory: 15717 MB
  Labels: 
    com.docker.desktop.address=npipe://\\.\pipe\docker_cli
18:35:28.828 [main] INFO tc.testcontainers/ryuk:0.13.0 -- Creating container for image: testcontainers/ryuk:0.13.0
18:35:29.695 [main] INFO tc.testcontainers/ryuk:0.13.0 -- Container testcontainers/ryuk:0.13.0 is starting: 935aad66997357079049dfa50f91cb376b7f6555c91cf2827fac8823e8c22e2c
18:35:30.887 [main] INFO tc.testcontainers/ryuk:0.13.0 -- Container testcontainers/ryuk:0.13.0 started in PT2.0589729S
18:35:30.908 [main] INFO org.testcontainers.utility.RyukResourceReaper -- Ryuk started - will monitor and terminate Testcontainers containers on JVM exit
18:35:30.909 [main] INFO org.testcontainers.DockerClientFactory -- Checking the system...
18:35:30.911 [main] INFO org.testcontainers.DockerClientFactory -- ✔︎ Docker server version should be at least 1.6.0
18:35:31.275 [main] INFO org.springframework.boot.test.context.SpringBootTestContextBootstrapper -- Found @SpringBootConfiguration com.teamwork.gateway.TeamworkGatewayApplication for test class com.teamwork.gateway.SchemaIntegrationTest
18:35:31.599 [main] INFO tc.postgres:16-alpine -- Creating container for image: postgres:16-alpine
18:35:31.827 [main] INFO tc.postgres:16-alpine -- Container postgres:16-alpine is starting: 27ffd4786f3ce62bc30b665033f50b1dc9e6c0dbe3b4a508177701b1f6124033
18:35:35.075 [main] INFO tc.postgres:16-alpine -- Container postgres:16-alpine started in PT3.4755052S
18:35:35.076 [main] INFO tc.postgres:16-alpine -- Container is started (JDBC URL: jdbc:postgresql://localhost:10281/test?loggerLevel=OFF)

  .   ____          _            __ _ _
 /\\ / ___'_ __ _ _(_)_ __  __ _ \ \ \ \
( ( )\___ | '_ | '_| | '_ \/ _` | \ \ \ \
 \\/  ___)| |_)| | | | | || (_| |  ) ) ) )
  '  |____| .__|_| |_|_| |_\__, | / / / /
 =========|_|==============|___/=/_/_/_/

 :: Spring Boot ::                (v4.0.3)

2026-02-21T18:35:36.307+08:00  INFO 9020 --- [teamwork-gateway] [           main] c.t.gateway.SchemaIntegrationTest        : Starting SchemaIntegrationTest using Java 21 with PID 9020 (started by kevintsai in E:\github\TeamWork\gateway)
2026-02-21T18:35:36.310+08:00  INFO 9020 --- [teamwork-gateway] [           main] c.t.gateway.SchemaIntegrationTest        : No active profile set, falling back to 1 default profile: "default"
2026-02-21T18:35:38.345+08:00  INFO 9020 --- [teamwork-gateway] [           main] .s.d.r.c.RepositoryConfigurationDelegate : Multiple Spring Data modules found, entering strict repository configuration mode
2026-02-21T18:35:38.350+08:00  INFO 9020 --- [teamwork-gateway] [           main] .s.d.r.c.RepositoryConfigurationDelegate : Bootstrapping Spring Data JPA repositories in DEFAULT mode.
2026-02-21T18:35:38.568+08:00  INFO 9020 --- [teamwork-gateway] [           main] .s.d.r.c.RepositoryConfigurationDelegate : Finished Spring Data repository scanning in 182 ms. Found 6 JPA repository interfaces.
2026-02-21T18:35:38.766+08:00  INFO 9020 --- [teamwork-gateway] [           main] .s.d.r.c.RepositoryConfigurationDelegate : Multiple Spring Data modules found, entering strict repository configuration mode
2026-02-21T18:35:38.769+08:00  INFO 9020 --- [teamwork-gateway] [           main] .s.d.r.c.RepositoryConfigurationDelegate : Bootstrapping Spring Data Redis repositories in DEFAULT mode.
2026-02-21T18:35:38.816+08:00  INFO 9020 --- [teamwork-gateway] [           main] .RepositoryConfigurationExtensionSupport : Spring Data Redis - Could not safely identify store assignment for repository candidate interface com.teamwork.gateway.repository.AccountToolPermissionRepository; If you want this repository to be a Redis repository, consider annotating your entities with one of these annotations: org.springframework.data.redis.core.RedisHash (preferred), or consider extending one of the following types with your repository: org.springframework.data.keyvalue.repository.KeyValueRepository
2026-02-21T18:35:38.817+08:00  INFO 9020 --- [teamwork-gateway] [           main] .RepositoryConfigurationExtensionSupport : Spring Data Redis - Could not safely identify store assignment for repository candidate interface com.teamwork.gateway.repository.AgentProfileRepository; If you want this repository to be a Redis repository, consider annotating your entities with one of these annotations: org.springframework.data.redis.core.RedisHash (preferred), or consider extending one of the following types with your repository: org.springframework.data.keyvalue.repository.KeyValueRepository
2026-02-21T18:35:38.817+08:00  INFO 9020 --- [teamwork-gateway] [           main] .RepositoryConfigurationExtensionSupport : Spring Data Redis - Could not safely identify store assignment for repository candidate interface com.teamwork.gateway.repository.AiModelRepository; If you want this repository to be a Redis repository, consider annotating your entities with one of these annotations: org.springframework.data.redis.core.RedisHash (preferred), or consider extending one of the following types with your repository: org.springframework.data.keyvalue.repository.KeyValueRepository
2026-02-21T18:35:38.818+08:00  INFO 9020 --- [teamwork-gateway] [           main] .RepositoryConfigurationExtensionSupport : Spring Data Redis - Could not safely identify store assignment for repository candidate interface com.teamwork.gateway.repository.TaskOutputRepository; If you want this repository to be a Redis repository, consider annotating your entities with one of these annotations: org.springframework.data.redis.core.RedisHash (preferred), or consider extending one of the following types with your repository: org.springframework.data.keyvalue.repository.KeyValueRepository
2026-02-21T18:35:38.819+08:00  INFO 9020 --- [teamwork-gateway] [           main] .RepositoryConfigurationExtensionSupport : Spring Data Redis - Could not safely identify store assignment for repository candidate interface com.teamwork.gateway.repository.TaskRecordRepository; If you want this repository to be a Redis repository, consider annotating your entities with one of these annotations: org.springframework.data.redis.core.RedisHash (preferred), or consider extending one of the following types with your repository: org.springframework.data.keyvalue.repository.KeyValueRepository
2026-02-21T18:35:38.819+08:00  INFO 9020 --- [teamwork-gateway] [           main] .RepositoryConfigurationExtensionSupport : Spring Data Redis - Could not safely identify store assignment for repository candidate interface com.teamwork.gateway.repository.ToolConfigRepository; If you want this repository to be a Redis repository, consider annotating your entities with one of these annotations: org.springframework.data.redis.core.RedisHash (preferred), or consider extending one of the following types with your repository: org.springframework.data.keyvalue.repository.KeyValueRepository
2026-02-21T18:35:38.819+08:00  INFO 9020 --- [teamwork-gateway] [           main] .s.d.r.c.RepositoryConfigurationDelegate : Finished Spring Data repository scanning in 18 ms. Found 0 Redis repository interfaces.
2026-02-21T18:35:41.141+08:00  INFO 9020 --- [teamwork-gateway] [           main] org.hibernate.orm.jpa                    : HHH008540: Processing PersistenceUnitInfo [name: default]
2026-02-21T18:35:41.470+08:00  INFO 9020 --- [teamwork-gateway] [           main] org.hibernate.orm.core                   : HHH000001: Hibernate ORM core version 7.2.4.Final
2026-02-21T18:35:42.346+08:00  INFO 9020 --- [teamwork-gateway] [           main] o.s.o.j.p.SpringPersistenceUnitInfo      : No LoadTimeWeaver setup: ignoring JPA class transformer
2026-02-21T18:35:42.461+08:00  INFO 9020 --- [teamwork-gateway] [           main] com.zaxxer.hikari.HikariDataSource       : HikariPool-1 - Starting...
2026-02-21T18:35:42.995+08:00  INFO 9020 --- [teamwork-gateway] [           main] com.zaxxer.hikari.pool.HikariPool        : HikariPool-1 - Added connection org.postgresql.jdbc.PgConnection@db1abeb
2026-02-21T18:35:43.002+08:00  INFO 9020 --- [teamwork-gateway] [           main] com.zaxxer.hikari.HikariDataSource       : HikariPool-1 - Start completed.
2026-02-21T18:35:43.454+08:00  INFO 9020 --- [teamwork-gateway] [           main] org.hibernate.orm.connections.pooling    : HHH10001005: Database info:
	Database JDBC URL [jdbc:postgresql://localhost:10281/test?loggerLevel=OFF]
	Database driver: PostgreSQL JDBC Driver
	Database dialect: PostgreSQLDialect
	Database version: 16.12
	Default catalog/schema: test/public
	Autocommit mode: undefined/unknown
	Isolation level: READ_COMMITTED [default READ_COMMITTED]
	JDBC fetch size: none
	Pool: DataSourceConnectionProvider
	Minimum pool size: undefined/unknown
	Maximum pool size: undefined/unknown
2026-02-21T18:35:46.109+08:00  INFO 9020 --- [teamwork-gateway] [           main] org.hibernate.orm.core                   : HHH000489: No JTA platform available (set 'hibernate.transaction.jta.platform' to enable JTA platform integration)
Hibernate: 
    create table account_tool_permissions (
        id bigint generated by default as identity,
        tool_id varchar(255) not null,
        user_id varchar(255) not null,
        primary key (id)
    )
Hibernate: 
    create table agent_profiles (
        id varchar(255) not null,
        default_model_id varchar(255),
        name varchar(255) not null,
        system_prompt TEXT,
        primary key (id)
    )
Hibernate: 
    create table ai_models (
        id varchar(255) not null,
        active boolean not null,
        api_key varchar(255) not null,
        endpoint_url varchar(255),
        name varchar(255) not null,
        provider varchar(255) not null,
        primary key (id)
    )
Hibernate: 
    create table task_outputs (
        id varchar(255) not null,
        content_blob jsonb,
        output_type varchar(255) not null,
        task_id varchar(255) not null,
        primary key (id)
    )
Hibernate: 
    create table task_records (
        id varchar(255) not null,
        created_at timestamp(6),
        input_payload TEXT,
        parent_task_id varchar(255),
        profile_id varchar(255) not null,
        status varchar(255) not null,
        updated_at timestamp(6),
        primary key (id)
    )
Hibernate: 
    create table tool_configs (
        id varchar(255) not null,
        configuration jsonb,
        description TEXT,
        name varchar(255) not null,
        type varchar(255) not null,
        primary key (id)
    )
2026-02-21T18:35:46.356+08:00  INFO 9020 --- [teamwork-gateway] [           main] j.LocalContainerEntityManagerFactoryBean : Initialized JPA EntityManagerFactory for persistence unit 'default'
2026-02-21T18:35:46.646+08:00  INFO 9020 --- [teamwork-gateway] [           main] o.s.d.j.r.query.QueryEnhancerFactories   : Hibernate is in classpath; If applicable, HQL parser will be used.
2026-02-21T18:35:48.765+08:00  WARN 9020 --- [teamwork-gateway] [           main] JpaBaseConfiguration$JpaWebConfiguration : spring.jpa.open-in-view is enabled by default. Therefore, database queries may be performed during view rendering. Explicitly configure spring.jpa.open-in-view to disable this warning
2026-02-21T18:35:50.307+08:00  INFO 9020 --- [teamwork-gateway] [           main] c.t.gateway.SchemaIntegrationTest        : Started SchemaIntegrationTest in 15.138 seconds (process running for 55.673)
Hibernate: 
    select
        tr1_0.id,
        tr1_0.created_at,
        tr1_0.input_payload,
        tr1_0.parent_task_id,
        tr1_0.profile_id,
        tr1_0.status,
        tr1_0.updated_at 
    from
        task_records tr1_0 
    where
        tr1_0.id=?
Hibernate: 
    insert 
    into
        task_records
        (created_at, input_payload, parent_task_id, profile_id, status, updated_at, id) 
    values
        (?, ?, ?, ?, ?, ?, ?)
Hibernate: 
    select
        tr1_0.id,
        tr1_0.created_at,
        tr1_0.input_payload,
        tr1_0.parent_task_id,
        tr1_0.profile_id,
        tr1_0.status,
        tr1_0.updated_at 
    from
        task_records tr1_0 
    where
        tr1_0.id=?
]]></system-out>
  </testcase>
</testsuite>