<?xml version="1.0" encoding="UTF-8"?>
<testsuite xmlns:xsi="http://www.w3.org/2001/XMLSchema-instance" xsi:noNamespaceSchemaLocation="https://maven.apache.org/surefire/maven-surefire-plugin/xsd/surefire-test-report.xsd" version="3.0.2" name="com.teamwork.gateway.controller.SseControllerTest" time="9.231" tests="1" errors="0" skipped="0" failures="0">
  <properties>
[...]
</properties>
  <testcase name="streamTaskEvents_ShouldReturnSseEmitter" classname="com.teamwork.gateway.controller.SseControllerTest" time="9.22">
    <system-out><![CDATA[18:35:19.497 [main] INFO org.hibernate.validator.internal.util.Version -- HV000001: Hibernate Validator 9.0.1.Final
18:35:22.429 [main] INFO org.springframework.mock.web.MockServletContext -- Initializing Spring TestDispatcherServlet ''
18:35:22.430 [main] INFO org.springframework.test.web.servlet.TestDispatcherServlet -- Initializing Servlet ''
18:35:22.455 [main] INFO org.springframework.test.web.servlet.TestDispatcherServlet -- Completed initialization in 17 ms
]]></system-out>
  </testcase>
</testsuite>